<?xml version="1.0" encoding="UTF-8"?>
<!-- Generated by org.testng.reporters.JUnitXMLReporter -->
<testsuite ignored="4" hostname="Rajhans" failures="0" tests="5" name="Test" time="0.087" errors="0" timestamp="2023-12-21T18:37:53 IST">
  <testcase classname="com.Test.Day2" name="test" time="0.005"/>
  <testcase classname="com.Test.Day4" name="WebloginHomeLoan" time="0.001"/>
  <testcase classname="com.Test.Day4" name="loginApiHomeLoan" time="0.003"/>
  <testcase classname="com.Test.Day3" name="MobileloginCarLoan" time="0.01"/>
  <testcase classname="com.Test.Day3" name="WebloginCarLoan" time="0.001"/>
  <testcase classname="com.Test.Day1" name="test1" time="0.0">
    <ignored/>
  </testcase> <!-- test1 -->
  <testcase classname="com.Test.Day3" name="loginApiCarLoan" time="0.0">
    <ignored/>
  </testcase> <!-- loginApiCarLoan -->
  <testcase classname="com.Test.Day4" name="MobileloginHomeLoan" time="0.0">
    <ignored/>
  </testcase> <!-- MobileloginHomeLoan -->
  <testcase classname="com.Test.Day1" name="test2" time="0.0">
    <ignored/>
  </testcase> <!-- test2 -->
</testsuite> <!-- Test -->
