<?xml version="1.0" encoding="UTF-8"?>
<!-- Generated by org.testng.reporters.JUnitXMLReporter -->
<testsuite ignored="1" hostname="Rajhans" failures="0" tests="2" name="Car Loan" time="0.012" errors="0" timestamp="2023-12-21T15:23:13 IST">
  <testcase classname="com.Test.Day3" name="WebloginCarLoan" time="0.001"/>
  <testcase classname="com.Test.Day3" name="loginApiCarLoan" time="0.002"/>
  <testcase classname="com.Test.Day3" name="MobileloginCarLoan" time="0.0">
    <ignored/>
  </testcase> <!-- MobileloginCarLoan -->
</testsuite> <!-- Car Loan -->
