<?xml version="1.0" encoding="UTF-8"?>
<!-- Generated by org.testng.reporters.JUnitXMLReporter -->
<testsuite ignored="2" hostname="Rajhans" failures="0" tests="4" name="Personal loan" time="0.08" errors="0" timestamp="2023-12-21T15:23:13 IST">
  <testcase classname="com.Test.Day1" name="test1" time="0.005"/>
  <testcase classname="com.Test.Day1" name="test2" time="0.001"/>
  <testcase classname="com.Test.Day4" name="loginApiHomeLoan" time="0.001"/>
  <testcase classname="com.Test.Day2" name="test" time="0.01"/>
  <testcase classname="com.Test.Day4" name="WebloginHomeLoan" time="0.0">
    <ignored/>
  </testcase> <!-- WebloginHomeLoan -->
  <testcase classname="com.Test.Day4" name="MobileloginHomeLoan" time="0.0">
    <ignored/>
  </testcase> <!-- MobileloginHomeLoan -->
</testsuite> <!-- Personal loan -->
