<?xml version="1.0" encoding="UTF-8"?>
<testng-results ignored="0" total="1" passed="1" failed="0" skipped="0">
  <reporter-output>
  </reporter-output>
  <suite started-at="2024-01-02T13:06:18 IST" name="Default suite" finished-at="2024-01-02T13:06:18 IST" duration-ms="82">
    <groups>
      <group name="smoke">
        <method signature="Day1.test2()[pri:0, instance:com.Test.Day1@1151e434]" name="test2" class="com.Test.Day1"/>
      </group> <!-- smoke -->
    </groups>
    <test started-at="2024-01-02T13:06:18 IST" name="Default test" finished-at="2024-01-02T13:06:18 IST" duration-ms="82">
      <class name="com.Test.Day1">
        <test-method signature="test2()[pri:0, instance:com.Test.Day1@1151e434]" started-at="2024-01-02T13:06:18 IST" name="test2" finished-at="2024-01-02T13:06:18 IST" duration-ms="9" status="PASS">
          <reporter-output>
          </reporter-output>
        </test-method> <!-- test2 -->
      </class> <!-- com.Test.Day1 -->
    </test> <!-- Default test -->
  </suite> <!-- Default suite -->
</testng-results>
