<?xml version="1.0" encoding="UTF-8"?>
<testng-results ignored="0" total="5" passed="5" failed="0" skipped="0">
  <reporter-output>
  </reporter-output>
  <suite started-at="2023-12-21T18:37:53 IST" name="Suite" finished-at="2023-12-21T18:37:53 IST" duration-ms="87">
    <groups>
    </groups>
    <test started-at="2023-12-21T18:37:53 IST" name="Test" finished-at="2023-12-21T18:37:53 IST" duration-ms="87">
      <class name="com.Test.Day4">
        <test-method signature="WebloginHomeLoan(java.lang.String)[pri:0, instance:com.Test.Day4@659499f1]" started-at="2023-12-21T18:37:53 IST" name="WebloginHomeLoan" finished-at="2023-12-21T18:37:53 IST" duration-ms="1" status="PASS">
          <params>
            <param index="0">
              <value>
                <![CDATA[Rajubhai.com]]>
              </value>
            </param>
          </params>
          <reporter-output>
          </reporter-output>
        </test-method> <!-- WebloginHomeLoan -->
        <test-method signature="loginApiHomeLoan()[pri:0, instance:com.Test.Day4@659499f1]" started-at="2023-12-21T18:37:53 IST" name="loginApiHomeLoan" finished-at="2023-12-21T18:37:53 IST" depends-on-methods="com.Test.Day4.WebloginHomeLoan" duration-ms="3" status="PASS">
          <reporter-output>
          </reporter-output>
        </test-method> <!-- loginApiHomeLoan -->
      </class> <!-- com.Test.Day4 -->
      <class name="com.Test.Day3">
        <test-method signature="MobileloginCarLoan()[pri:0, instance:com.Test.Day3@51e69659]" started-at="2023-12-21T18:37:53 IST" name="MobileloginCarLoan" finished-at="2023-12-21T18:37:53 IST" duration-ms="10" status="PASS">
          <reporter-output>
          </reporter-output>
        </test-method> <!-- MobileloginCarLoan -->
        <test-method signature="WebloginCarLoan()[pri:0, instance:com.Test.Day3@51e69659]" started-at="2023-12-21T18:37:53 IST" name="WebloginCarLoan" finished-at="2023-12-21T18:37:53 IST" duration-ms="1" status="PASS">
          <reporter-output>
          </reporter-output>
        </test-method> <!-- WebloginCarLoan -->
      </class> <!-- com.Test.Day3 -->
      <class name="com.Test.Day2">
        <test-method is-config="true" signature="btest()[pri:0, instance:com.Test.Day2@437da279]" started-at="2023-12-21T18:37:53 IST" name="btest" finished-at="2023-12-21T18:37:53 IST" duration-ms="9" status="PASS">
          <reporter-output>
          </reporter-output>
        </test-method> <!-- btest -->
        <test-method signature="test()[pri:0, instance:com.Test.Day2@437da279]" started-at="2023-12-21T18:37:53 IST" name="test" finished-at="2023-12-21T18:37:53 IST" duration-ms="5" status="PASS">
          <reporter-output>
          </reporter-output>
        </test-method> <!-- test -->
        <test-method is-config="true" signature="Atest()[pri:0, instance:com.Test.Day2@437da279]" started-at="2023-12-21T18:37:53 IST" name="Atest" finished-at="2023-12-21T18:37:53 IST" duration-ms="0" status="PASS">
          <reporter-output>
          </reporter-output>
        </test-method> <!-- Atest -->
      </class> <!-- com.Test.Day2 -->
    </test> <!-- Test -->
  </suite> <!-- Suite -->
</testng-results>
